<?xml version="1.0" encoding="UTF-8"?>
<testsuite xmlns:xsi="http://www.w3.org/2001/XMLSchema-instance" xsi:noNamespaceSchemaLocation="https://maven.apache.org/surefire/maven-surefire-plugin/xsd/surefire-test-report.xsd" version="3.0.2" name="com.bjb.bankmanagement.forextransaction.ForextransactionApplicationTests" time="11.151" tests="1" errors="0" skipped="0" failures="0">
  <properties>
[...]
</properties>
  <testcase name="contextLoads" classname="com.bjb.bankmanagement.forextransaction.ForextransactionApplicationTests" time="0.773">
    <system-out><![CDATA[20:51:13.452 [main] INFO org.springframework.test.context.support.AnnotationConfigContextLoaderUtils -- Could not detect default configuration classes for test class [com.bjb.bankmanagement.forextransaction.ForextransactionApplicationTests]: ForextransactionApplicationTests does not declare any static, non-private, non-final, nested classes annotated with @Configuration.
20:51:13.608 [main] INFO org.springframework.boot.test.context.SpringBootTestContextBootstrapper -- Found @SpringBootConfiguration com.bjb.bankmanagement.forextransaction.ForextransactionApplication for test class com.bjb.bankmanagement.forextransaction.ForextransactionApplicationTests
20:51:13.919 [main] INFO org.springframework.boot.devtools.restart.RestartApplicationListener -- Restart disabled due to context in which it is running

  .   ____          _            __ _ _
 /\\ / ___'_ __ _ _(_)_ __  __ _ \ \ \ \
( ( )\___ | '_ | '_| | '_ \/ _` | \ \ \ \
 \\/  ___)| |_)| | | | | || (_| |  ) ) ) )
  '  |____| .__|_| |_|_| |_\__, | / / / /
 =========|_|==============|___/=/_/_/_/

 :: Spring Boot ::                (v3.4.3)

2025-03-02T20:51:14.843+07:00  INFO 7744 --- [forextransaction] [           main] c.b.b.f.ForextransactionApplicationTests : Starting ForextransactionApplicationTests using Java 17.0.14 with PID 7744 (started by Lenovo in C:\Users\Lenovo\Learn-BJB\forextransaction\forextransaction)
2025-03-02T20:51:14.848+07:00  INFO 7744 --- [forextransaction] [           main] c.b.b.f.ForextransactionApplicationTests : No active profile set, falling back to 1 default profile: "default"
2025-03-02T20:51:16.551+07:00  INFO 7744 --- [forextransaction] [           main] .s.d.r.c.RepositoryConfigurationDelegate : Bootstrapping Spring Data JPA repositories in DEFAULT mode.
2025-03-02T20:51:16.724+07:00  INFO 7744 --- [forextransaction] [           main] .s.d.r.c.RepositoryConfigurationDelegate : Finished Spring Data repository scanning in 149 ms. Found 7 JPA repository interfaces.
2025-03-02T20:51:17.450+07:00  INFO 7744 --- [forextransaction] [           main] com.zaxxer.hikari.HikariDataSource       : HikariPool-1 - Starting...
2025-03-02T20:51:17.846+07:00  INFO 7744 --- [forextransaction] [           main] com.zaxxer.hikari.pool.HikariPool        : HikariPool-1 - Added connection org.postgresql.jdbc.PgConnection@619c93ca
2025-03-02T20:51:17.849+07:00  INFO 7744 --- [forextransaction] [           main] com.zaxxer.hikari.HikariDataSource       : HikariPool-1 - Start completed.
2025-03-02T20:51:17.970+07:00  INFO 7744 --- [forextransaction] [           main] o.hibernate.jpa.internal.util.LogHelper  : HHH000204: Processing PersistenceUnitInfo [name: default]
2025-03-02T20:51:18.078+07:00  INFO 7744 --- [forextransaction] [           main] org.hibernate.Version                    : HHH000412: Hibernate ORM core version 6.6.8.Final
2025-03-02T20:51:18.182+07:00  INFO 7744 --- [forextransaction] [           main] o.h.c.internal.RegionFactoryInitiator    : HHH000026: Second-level cache disabled
2025-03-02T20:51:18.850+07:00  INFO 7744 --- [forextransaction] [           main] o.s.o.j.p.SpringPersistenceUnitInfo      : No LoadTimeWeaver setup: ignoring JPA class transformer
2025-03-02T20:51:19.006+07:00  WARN 7744 --- [forextransaction] [           main] org.hibernate.orm.deprecation            : HHH90000025: PostgreSQLDialect does not need to be specified explicitly using 'hibernate.dialect' (remove the property setting and it will be selected by default)
2025-03-02T20:51:19.032+07:00  INFO 7744 --- [forextransaction] [           main] org.hibernate.orm.connections.pooling    : HHH10001005: Database info:
	Database JDBC URL [Connecting through datasource 'HikariDataSource (HikariPool-1)']
	Database driver: undefined/unknown
	Database version: 17.4
	Autocommit mode: undefined/unknown
	Isolation level: undefined/unknown
	Minimum pool size: undefined/unknown
	Maximum pool size: undefined/unknown
2025-03-02T20:51:20.514+07:00  INFO 7744 --- [forextransaction] [           main] o.h.e.t.j.p.i.JtaPlatformInitiator       : HHH000489: No JTA platform available (set 'hibernate.transaction.jta.platform' to enable JTA platform integration)
2025-03-02T20:51:20.517+07:00  INFO 7744 --- [forextransaction] [           main] j.LocalContainerEntityManagerFactoryBean : Initialized JPA EntityManagerFactory for persistence unit 'default'
2025-03-02T20:51:21.671+07:00  WARN 7744 --- [forextransaction] [           main] JpaBaseConfiguration$JpaWebConfiguration : spring.jpa.open-in-view is enabled by default. Therefore, database queries may be performed during view rendering. Explicitly configure spring.jpa.open-in-view to disable this warning
2025-03-02T20:51:21.737+07:00  INFO 7744 --- [forextransaction] [           main] o.s.v.b.OptionalValidatorFactoryBean     : Failed to set up a Bean Validation provider: jakarta.validation.NoProviderFoundException: Unable to create a Configuration, because no Jakarta Bean Validation provider could be found. Add a provider like Hibernate Validator (RI) to your classpath.
2025-03-02T20:51:23.483+07:00  INFO 7744 --- [forextransaction] [           main] c.b.b.f.ForextransactionApplicationTests : Started ForextransactionApplicationTests in 9.587 seconds (process running for 11.349)
]]></system-out>
  </testcase>
</testsuite>