# JRE version: OpenJDK Runtime Environment Temurin-21.0.6+7 (21.0.6+7) (build 21.0.6+7-LTS)
# Java VM: OpenJDK 64-Bit Server VM Temurin-21.0.6+7 (21.0.6+7-LTS, mixed mode, sharing, tiered, compressed oops, compressed class ptrs, parallel gc, bsd-amd64)
GC Precious Log:
 CardTable entry size: 512
 CPUs: 4 total, 4 available
 Memory: 16384M
 Large Page Support: Disabled
 NUMA Support: Disabled
 Compressed Oops: Enabled (Zero based)
 Alignments: Space 512K, Generation 512K, Heap 2M
 Heap Min Capacity: 100M
 Heap Initial Capacity: 100M
 Heap Max Capacity: 1G
 Pre-touch: Disabled
 Parallel Workers: 4
Heap:
 PSYoungGen      total 8704K, used 8699K [0x00000007eab00000, 0x00000007eba80000, 0x0000000800000000)
  eden space 7680K, 100% used [0x00000007eab00000,0x00000007eb280000,0x00000007eb280000)
  from space 1024K, 99% used [0x00000007eb680000,0x00000007eb77ed30,0x00000007eb780000)
  to   space 4096K, 0% used [0x00000007eb280000,0x00000007eb280000,0x00000007eb680000)
 ParOldGen       total 699392K, used 699089K [0x00000007c0000000, 0x00000007eab00000, 0x00000007eab00000)
  object space 699392K, 99% used [0x00000007c0000000,0x00000007eaab4780,0x00000007eab00000)
 Metaspace       used 71534K, committed 73216K, reserved 1114112K
  class space    used 7409K, committed 8128K, reserved 1048576K
GC Heap History (20 events):
Event: 62.487 GC heap after
{Heap after GC invocations=874 (full 4):
 PSYoungGen      total 9728K, used 704K [0x00000007eab00000, 0x00000007eba80000, 0x0000000800000000)
  eden space 8704K, 0% used [0x00000007eab00000,0x00000007eab00000,0x00000007eb380000)
  from space 1024K, 68% used [0x00000007eb800000,0x00000007eb8b0000,0x00000007eb900000)
  to   space 1536K, 0% used [0x00000007eb900000,0x00000007eb900000,0x00000007eba80000)
 ParOldGen       total 666112K, used 665721K [0x00000007c0000000, 0x00000007e8a80000, 0x00000007eab00000)
  object space 666112K, 99% used [0x00000007c0000000,0x00000007e8a1e540,0x00000007e8a80000)
 Metaspace       used 69880K, committed 71552K, reserved 1114112K
  class space    used 7236K, committed 7936K, reserved 1048576K
}
Event: 64.755 GC heap before
{Heap before GC invocations=875 (full 4):
 PSYoungGen      total 9728K, used 9408K [0x00000007eab00000, 0x00000007eba80000, 0x0000000800000000)
  eden space 8704K, 100% used [0x00000007eab00000,0x00000007eb380000,0x00000007eb380000)
  from space 1024K, 68% used [0x00000007eb800000,0x00000007eb8b0000,0x00000007eb900000)
  to   space 1536K, 0% used [0x00000007eb900000,0x00000007eb900000,0x00000007eba80000)
 ParOldGen       total 689664K, used 688761K [0x00000007c0000000, 0x00000007ea180000, 0x00000007eab00000)
  object space 689664K, 99% used [0x00000007c0000000,0x00000007ea09e560,0x00000007ea180000)
 Metaspace       used 69937K, committed 71680K, reserved 1114112K
  class space    used 7236K, committed 7936K, reserved 1048576K
}
Event: 64.769 GC heap after
{Heap after GC invocations=875 (full 4):
 PSYoungGen      total 9728K, used 804K [0x00000007eab00000, 0x00000007eba00000, 0x0000000800000000)
  eden space 8704K, 0% used [0x00000007eab00000,0x00000007eab00000,0x00000007eb380000)
  from space 1024K, 78% used [0x00000007eb900000,0x00000007eb9c9210,0x00000007eba00000)
  to   space 1024K, 0% used [0x00000007eb800000,0x00000007eb800000,0x00000007eb900000)
 ParOldGen       total 689664K, used 689260K [0x00000007c0000000, 0x00000007ea180000, 0x00000007eab00000)
  object space 689664K, 99% used [0x00000007c0000000,0x00000007ea11b300,0x00000007ea180000)
 Metaspace       used 69937K, committed 71680K, reserved 1114112K
  class space    used 7236K, committed 7936K, reserved 1048576K
}
Event: 64.926 GC heap before
{Heap before GC invocations=876 (full 4):
 PSYoungGen      total 9728K, used 9508K [0x00000007eab00000, 0x00000007eba00000, 0x0000000800000000)
  eden space 8704K, 99% used [0x00000007eab00000,0x00000007eb37fff0,0x00000007eb380000)
  from space 1024K, 78% used [0x00000007eb900000,0x00000007eb9c9210,0x00000007eba00000)
  to   space 1024K, 0% used [0x00000007eb800000,0x00000007eb800000,0x00000007eb900000)
 ParOldGen       total 689664K, used 689260K [0x00000007c0000000, 0x00000007ea180000, 0x00000007eab00000)
  object space 689664K, 99% used [0x00000007c0000000,0x00000007ea11b300,0x00000007ea180000)
 Metaspace       used 69996K, committed 71744K, reserved 1114112K
  class space    used 7236K, committed 7936K, reserved 1048576K
}
Event: 64.941 GC heap after
{Heap after GC invocations=876 (full 4):
 PSYoungGen      total 9728K, used 580K [0x00000007eab00000, 0x00000007eb980000, 0x0000000800000000)
  eden space 8704K, 0% used [0x00000007eab00000,0x00000007eab00000,0x00000007eb380000)
  from space 1024K, 56% used [0x00000007eb800000,0x00000007eb891210,0x00000007eb900000)
  to   space 512K, 0% used [0x00000007eb900000,0x00000007eb900000,0x00000007eb980000)
 ParOldGen       total 689664K, used 689448K [0x00000007c0000000, 0x00000007ea180000, 0x00000007eab00000)
  object space 689664K, 99% used [0x00000007c0000000,0x00000007ea14a060,0x00000007ea180000)
 Metaspace       used 69996K, committed 71744K, reserved 1114112K
  class space    used 7236K, committed 7936K, reserved 1048576K
}
Event: 65.743 GC heap before
{Heap before GC invocations=877 (full 4):
 PSYoungGen      total 9728K, used 9284K [0x00000007eab00000, 0x00000007eb980000, 0x0000000800000000)
  eden space 8704K, 100% used [0x00000007eab00000,0x00000007eb380000,0x00000007eb380000)
  from space 1024K, 56% used [0x00000007eb800000,0x00000007eb891210,0x00000007eb900000)
  to   space 512K, 0% used [0x00000007eb900000,0x00000007eb900000,0x00000007eb980000)
 ParOldGen       total 689664K, used 689448K [0x00000007c0000000, 0x00000007ea180000, 0x00000007eab00000)
  object space 689664K, 99% used [0x00000007c0000000,0x00000007ea14a060,0x00000007ea180000)
 Metaspace       used 70095K, committed 71808K, reserved 1114112K
  class space    used 7237K, committed 7936K, reserved 1048576K
}
Event: 65.758 GC heap after
{Heap after GC invocations=877 (full 4):
 PSYoungGen      total 9216K, used 186K [0x00000007eab00000, 0x00000007eb980000, 0x0000000800000000)
  eden space 8704K, 0% used [0x00000007eab00000,0x00000007eab00000,0x00000007eb380000)
  from space 512K, 36% used [0x00000007eb900000,0x00000007eb92e900,0x00000007eb980000)
  to   space 512K, 0% used [0x00000007eb880000,0x00000007eb880000,0x00000007eb900000)
 ParOldGen       total 689664K, used 689472K [0x00000007c0000000, 0x00000007ea180000, 0x00000007eab00000)
  object space 689664K, 99% used [0x00000007c0000000,0x00000007ea150060,0x00000007ea180000)
 Metaspace       used 70095K, committed 71808K, reserved 1114112K
  class space    used 7237K, committed 7936K, reserved 1048576K
}
Event: 65.786 GC heap before
{Heap before GC invocations=878 (full 4):
 PSYoungGen      total 9216K, used 8890K [0x00000007eab00000, 0x00000007eb980000, 0x0000000800000000)
  eden space 8704K, 100% used [0x00000007eab00000,0x00000007eb380000,0x00000007eb380000)
  from space 512K, 36% used [0x00000007eb900000,0x00000007eb92e900,0x00000007eb980000)
  to   space 512K, 0% used [0x00000007eb880000,0x00000007eb880000,0x00000007eb900000)
 ParOldGen       total 689664K, used 689472K [0x00000007c0000000, 0x00000007ea180000, 0x00000007eab00000)
  object space 689664K, 99% used [0x00000007c0000000,0x00000007ea150060,0x00000007ea180000)
 Metaspace       used 70115K, committed 71872K, reserved 1114112K
  class space    used 7238K, committed 7936K, reserved 1048576K
}
Event: 65.801 GC heap after
{Heap after GC invocations=878 (full 4):
 PSYoungGen      total 9216K, used 512K [0x00000007eab00000, 0x00000007ebd80000, 0x0000000800000000)
  eden space 8704K, 0% used [0x00000007eab00000,0x00000007eab00000,0x00000007eb380000)
  from space 512K, 100% used [0x00000007eb880000,0x00000007eb900000,0x00000007eb900000)
  to   space 4608K, 0% used [0x00000007eb900000,0x00000007eb900000,0x00000007ebd80000)
 ParOldGen       total 693248K, used 693058K [0x00000007c0000000, 0x00000007ea500000, 0x00000007eab00000)
  object space 693248K, 99% used [0x00000007c0000000,0x00000007ea4d0a28,0x00000007ea500000)
 Metaspace       used 70115K, committed 71872K, reserved 1114112K
  class space    used 7238K, committed 7936K, reserved 1048576K
}
Event: 65.839 GC heap before
{Heap before GC invocations=879 (full 4):
 PSYoungGen      total 9216K, used 9216K [0x00000007eab00000, 0x00000007ebd80000, 0x0000000800000000)
  eden space 8704K, 100% used [0x00000007eab00000,0x00000007eb380000,0x00000007eb380000)
  from space 512K, 100% used [0x00000007eb880000,0x00000007eb900000,0x00000007eb900000)
  to   space 4608K, 0% used [0x00000007eb900000,0x00000007eb900000,0x00000007ebd80000)
 ParOldGen       total 693248K, used 693058K [0x00000007c0000000, 0x00000007ea500000, 0x00000007eab00000)
  object space 693248K, 99% used [0x00000007c0000000,0x00000007ea4d0a28,0x00000007ea500000)
 Metaspace       used 70142K, committed 71872K, reserved 1114112K
  class space    used 7238K, committed 7936K, reserved 1048576K
}
Event: 65.853 GC heap after
{Heap after GC invocations=879 (full 4):
 PSYoungGen      total 12288K, used 4582K [0x00000007eab00000, 0x00000007ec280000, 0x0000000800000000)
  eden space 7680K, 0% used [0x00000007eab00000,0x00000007eab00000,0x00000007eb280000)
  from space 4608K, 99% used [0x00000007eb900000,0x00000007ebd79b30,0x00000007ebd80000)
  to   space 6656K, 0% used [0x00000007eb280000,0x00000007eb280000,0x00000007eb900000)
 ParOldGen       total 694272K, used 694192K [0x00000007c0000000, 0x00000007ea600000, 0x00000007eab00000)
  object space 694272K, 99% used [0x00000007c0000000,0x00000007ea5ec060,0x00000007ea600000)
 Metaspace       used 70142K, committed 71872K, reserved 1114112K
  class space    used 7238K, committed 7936K, reserved 1048576K
}
Event: 65.943 GC heap before
{Heap before GC invocations=880 (full 4):
 PSYoungGen      total 12288K, used 12128K [0x00000007eab00000, 0x00000007ec280000, 0x0000000800000000)
  eden space 7680K, 98% used [0x00000007eab00000,0x00000007eb25e830,0x00000007eb280000)
  from space 4608K, 99% used [0x00000007eb900000,0x00000007ebd79b30,0x00000007ebd80000)
  to   space 6656K, 0% used [0x00000007eb280000,0x00000007eb280000,0x00000007eb900000)
 ParOldGen       total 694272K, used 694192K [0x00000007c0000000, 0x00000007ea600000, 0x00000007eab00000)
  object space 694272K, 99% used [0x00000007c0000000,0x00000007ea5ec060,0x00000007ea600000)
 Metaspace       used 70770K, committed 72448K, reserved 1114112K
  class space    used 7302K, committed 8000K, reserved 1048576K
}
Event: 65.947 GC heap after
{Heap after GC invocations=880 (full 4):
 PSYoungGen      total 8192K, used 384K [0x00000007eab00000, 0x00000007eb980000, 0x0000000800000000)
  eden space 7680K, 0% used [0x00000007eab00000,0x00000007eab00000,0x00000007eb280000)
  from space 512K, 75% used [0x00000007eb280000,0x00000007eb2e0000,0x00000007eb300000)
  to   space 2560K, 0% used [0x00000007eb700000,0x00000007eb700000,0x00000007eb980000)
 ParOldGen       total 696320K, used 696153K [0x00000007c0000000, 0x00000007ea800000, 0x00000007eab00000)
  object space 696320K, 99% used [0x00000007c0000000,0x00000007ea7d6618,0x00000007ea800000)
 Metaspace       used 70770K, committed 72448K, reserved 1114112K
  class space    used 7302K, committed 8000K, reserved 1048576K
}
Event: 65.979 GC heap before
{Heap before GC invocations=881 (full 4):
 PSYoungGen      total 8192K, used 8064K [0x00000007eab00000, 0x00000007eb980000, 0x0000000800000000)
  eden space 7680K, 100% used [0x00000007eab00000,0x00000007eb280000,0x00000007eb280000)
  from space 512K, 75% used [0x00000007eb280000,0x00000007eb2e0000,0x00000007eb300000)
  to   space 2560K, 0% used [0x00000007eb700000,0x00000007eb700000,0x00000007eb980000)
 ParOldGen       total 696320K, used 696153K [0x00000007c0000000, 0x00000007ea800000, 0x00000007eab00000)
  object space 696320K, 99% used [0x00000007c0000000,0x00000007ea7d6618,0x00000007ea800000)
 Metaspace       used 71041K, committed 72704K, reserved 1114112K
  class space    used 7335K, committed 8000K, reserved 1048576K
}
Event: 65.984 GC heap after
{Heap after GC invocations=881 (full 4):
 PSYoungGen      total 8192K, used 188K [0x00000007eab00000, 0x00000007eb780000, 0x0000000800000000)
  eden space 7680K, 0% used [0x00000007eab00000,0x00000007eab00000,0x00000007eb280000)
  from space 512K, 36% used [0x00000007eb700000,0x00000007eb72f180,0x00000007eb780000)
  to   space 1024K, 0% used [0x00000007eb580000,0x00000007eb580000,0x00000007eb680000)
 ParOldGen       total 696832K, used 696465K [0x00000007c0000000, 0x00000007ea880000, 0x00000007eab00000)
  object space 696832K, 99% used [0x00000007c0000000,0x00000007ea824618,0x00000007ea880000)
 Metaspace       used 71041K, committed 72704K, reserved 1114112K
  class space    used 7335K, committed 8000K, reserved 1048576K
}
Event: 66.032 GC heap before
{Heap before GC invocations=882 (full 4):
 PSYoungGen      total 8192K, used 7868K [0x00000007eab00000, 0x00000007eb780000, 0x0000000800000000)
  eden space 7680K, 100% used [0x00000007eab00000,0x00000007eb280000,0x00000007eb280000)
  from space 512K, 36% used [0x00000007eb700000,0x00000007eb72f180,0x00000007eb780000)
  to   space 1024K, 0% used [0x00000007eb580000,0x00000007eb580000,0x00000007eb680000)
 ParOldGen       total 696832K, used 696465K [0x00000007c0000000, 0x00000007ea880000, 0x00000007eab00000)
  object space 696832K, 99% used [0x00000007c0000000,0x00000007ea824618,0x00000007ea880000)
 Metaspace       used 71430K, committed 73088K, reserved 1114112K
  class space    used 7398K, committed 8064K, reserved 1048576K
}
Event: 66.037 GC heap after
{Heap after GC invocations=882 (full 4):
 PSYoungGen      total 8704K, used 599K [0x00000007eab00000, 0x00000007eb780000, 0x0000000800000000)
  eden space 7680K, 0% used [0x00000007eab00000,0x00000007eab00000,0x00000007eb280000)
  from space 1024K, 58% used [0x00000007eb580000,0x00000007eb615d38,0x00000007eb680000)
  to   space 1024K, 0% used [0x00000007eb680000,0x00000007eb680000,0x00000007eb780000)
 ParOldGen       total 696832K, used 696576K [0x00000007c0000000, 0x00000007ea880000, 0x00000007eab00000)
  object space 696832K, 99% used [0x00000007c0000000,0x00000007ea840260,0x00000007ea880000)
 Metaspace       used 71430K, committed 73088K, reserved 1114112K
  class space    used 7398K, committed 8064K, reserved 1048576K
}
Event: 66.099 GC heap before
{Heap before GC invocations=883 (full 4):
 PSYoungGen      total 8704K, used 8279K [0x00000007eab00000, 0x00000007eb780000, 0x0000000800000000)
  eden space 7680K, 100% used [0x00000007eab00000,0x00000007eb280000,0x00000007eb280000)
  from space 1024K, 58% used [0x00000007eb580000,0x00000007eb615d38,0x00000007eb680000)
  to   space 1024K, 0% used [0x00000007eb680000,0x00000007eb680000,0x00000007eb780000)
 ParOldGen       total 696832K, used 696576K [0x00000007c0000000, 0x00000007ea880000, 0x00000007eab00000)
  object space 696832K, 99% used [0x00000007c0000000,0x00000007ea840260,0x00000007ea880000)
 Metaspace       used 71515K, committed 73216K, reserved 1114112K
  class space    used 7409K, committed 8128K, reserved 1048576K
}
Event: 66.108 GC heap after
{Heap after GC invocations=883 (full 4):
 PSYoungGen      total 8704K, used 1019K [0x00000007eab00000, 0x00000007eba80000, 0x0000000800000000)
  eden space 7680K, 0% used [0x00000007eab00000,0x00000007eab00000,0x00000007eb280000)
  from space 1024K, 99% used [0x00000007eb680000,0x00000007eb77ed30,0x00000007eb780000)
  to   space 4096K, 0% used [0x00000007eb280000,0x00000007eb280000,0x00000007eb680000)
 ParOldGen       total 699392K, used 699089K [0x00000007c0000000, 0x00000007eab00000, 0x00000007eab00000)
  object space 699392K, 99% used [0x00000007c0000000,0x00000007eaab4780,0x00000007eab00000)
 Metaspace       used 71515K, committed 73216K, reserved 1114112K
  class space    used 7409K, committed 8128K, reserved 1048576K
}
Event: 66.165 GC heap before
{Heap before GC invocations=884 (full 5):
 PSYoungGen      total 8704K, used 8699K [0x00000007eab00000, 0x00000007eba80000, 0x0000000800000000)
  eden space 7680K, 100% used [0x00000007eab00000,0x00000007eb280000,0x00000007eb280000)
  from space 1024K, 99% used [0x00000007eb680000,0x00000007eb77ed30,0x00000007eb780000)
  to   space 4096K, 0% used [0x00000007eb280000,0x00000007eb280000,0x00000007eb680000)
 ParOldGen       total 699392K, used 699089K [0x00000007c0000000, 0x00000007eab00000, 0x00000007eab00000)
  object space 699392K, 99% used [0x00000007c0000000,0x00000007eaab4780,0x00000007eab00000)
 Metaspace       used 71534K, committed 73216K, reserved 1114112K
  class space    used 7409K, committed 8128K, reserved 1048576K
}

