# JRE version: OpenJDK Runtime Environment Temurin-21.0.6+7 (21.0.6+7) (build 21.0.6+7-LTS)
# Java VM: OpenJDK 64-Bit Server VM Temurin-21.0.6+7 (21.0.6+7-LTS, mixed mode, sharing, tiered, compressed oops, compressed class ptrs, parallel gc, bsd-amd64)
GC Precious Log:
 CardTable entry size: 512
 CPUs: 4 total, 4 available
 Memory: 16384M
 Large Page Support: Disabled
 NUMA Support: Disabled
 Compressed Oops: Enabled (Zero based)
 Alignments: Space 512K, Generation 512K, Heap 2M
 Heap Min Capacity: 100M
 Heap Initial Capacity: 100M
 Heap Max Capacity: 1G
 Pre-touch: Disabled
 Parallel Workers: 4
Heap:
 PSYoungGen      total 22528K, used 22294K [0x00000007eab00000, 0x00000007ec380000, 0x0000000800000000)
  eden space 20480K, 100% used [0x00000007eab00000,0x00000007ebf00000,0x00000007ebf00000)
  from space 2048K, 88% used [0x00000007ec180000,0x00000007ec345b98,0x00000007ec380000)
  to   space 2048K, 0% used [0x00000007ebf00000,0x00000007ebf00000,0x00000007ec100000)
 ParOldGen       total 698880K, used 698742K [0x00000007c0000000, 0x00000007eaa80000, 0x00000007eab00000)
  object space 698880K, 99% used [0x00000007c0000000,0x00000007eaa5d9e8,0x00000007eaa80000)
 Metaspace       used 95050K, committed 96768K, reserved 1179648K
  class space    used 9576K, committed 10368K, reserved 1048576K
GC Heap History (20 events):
Event: 2460.014 GC heap after
{Heap after GC invocations=1732 (full 6):
 PSYoungGen      total 17920K, used 1769K [0x00000007eab00000, 0x00000007ec200000, 0x0000000800000000)
  eden space 15872K, 0% used [0x00000007eab00000,0x00000007eab00000,0x00000007eba80000)
  from space 2048K, 86% used [0x00000007eba80000,0x00000007ebc3a410,0x00000007ebc80000)
  to   space 2048K, 0% used [0x00000007ec000000,0x00000007ec000000,0x00000007ec200000)
 ParOldGen       total 690688K, used 690292K [0x00000007c0000000, 0x00000007ea280000, 0x00000007eab00000)
  object space 690688K, 99% used [0x00000007c0000000,0x00000007ea21d1a8,0x00000007ea280000)
 Metaspace       used 94996K, committed 96768K, reserved 1179648K
  class space    used 9573K, committed 10368K, reserved 1048576K
}
Event: 2460.033 GC heap before
{Heap before GC invocations=1733 (full 6):
 PSYoungGen      total 17920K, used 17641K [0x00000007eab00000, 0x00000007ec200000, 0x0000000800000000)
  eden space 15872K, 100% used [0x00000007eab00000,0x00000007eba80000,0x00000007eba80000)
  from space 2048K, 86% used [0x00000007eba80000,0x00000007ebc3a410,0x00000007ebc80000)
  to   space 2048K, 0% used [0x00000007ec000000,0x00000007ec000000,0x00000007ec200000)
 ParOldGen       total 690688K, used 690292K [0x00000007c0000000, 0x00000007ea280000, 0x00000007eab00000)
  object space 690688K, 99% used [0x00000007c0000000,0x00000007ea21d1a8,0x00000007ea280000)
 Metaspace       used 94996K, committed 96768K, reserved 1179648K
  class space    used 9573K, committed 10368K, reserved 1048576K
}
Event: 2460.049 GC heap after
{Heap after GC invocations=1733 (full 6):
 PSYoungGen      total 20992K, used 1028K [0x00000007eab00000, 0x00000007ec180000, 0x0000000800000000)
  eden space 19456K, 0% used [0x00000007eab00000,0x00000007eab00000,0x00000007ebe00000)
  from space 1536K, 66% used [0x00000007ec000000,0x00000007ec101210,0x00000007ec180000)
  to   space 1536K, 0% used [0x00000007ebe80000,0x00000007ebe80000,0x00000007ec000000)
 ParOldGen       total 691712K, used 691347K [0x00000007c0000000, 0x00000007ea380000, 0x00000007eab00000)
  object space 691712K, 99% used [0x00000007c0000000,0x00000007ea324cc8,0x00000007ea380000)
 Metaspace       used 94996K, committed 96768K, reserved 1179648K
  class space    used 9573K, committed 10368K, reserved 1048576K
}
Event: 2460.113 GC heap before
{Heap before GC invocations=1734 (full 6):
 PSYoungGen      total 20992K, used 20484K [0x00000007eab00000, 0x00000007ec180000, 0x0000000800000000)
  eden space 19456K, 100% used [0x00000007eab00000,0x00000007ebe00000,0x00000007ebe00000)
  from space 1536K, 66% used [0x00000007ec000000,0x00000007ec101210,0x00000007ec180000)
  to   space 1536K, 0% used [0x00000007ebe80000,0x00000007ebe80000,0x00000007ec000000)
 ParOldGen       total 691712K, used 691347K [0x00000007c0000000, 0x00000007ea380000, 0x00000007eab00000)
  object space 691712K, 99% used [0x00000007c0000000,0x00000007ea324cc8,0x00000007ea380000)
 Metaspace       used 94996K, committed 96768K, reserved 1179648K
  class space    used 9573K, committed 10368K, reserved 1048576K
}
Event: 2460.118 GC heap after
{Heap after GC invocations=1734 (full 6):
 PSYoungGen      total 21504K, used 1433K [0x00000007eab00000, 0x00000007ec500000, 0x0000000800000000)
  eden space 19968K, 0% used [0x00000007eab00000,0x00000007eab00000,0x00000007ebe80000)
  from space 1536K, 93% used [0x00000007ebe80000,0x00000007ebfe6410,0x00000007ec000000)
  to   space 1536K, 0% used [0x00000007ec380000,0x00000007ec380000,0x00000007ec500000)
 ParOldGen       total 692224K, used 692003K [0x00000007c0000000, 0x00000007ea400000, 0x00000007eab00000)
  object space 692224K, 99% used [0x00000007c0000000,0x00000007ea3c8d48,0x00000007ea400000)
 Metaspace       used 94996K, committed 96768K, reserved 1179648K
  class space    used 9573K, committed 10368K, reserved 1048576K
}
Event: 2460.149 GC heap before
{Heap before GC invocations=1735 (full 6):
 PSYoungGen      total 21504K, used 21401K [0x00000007eab00000, 0x00000007ec500000, 0x0000000800000000)
  eden space 19968K, 100% used [0x00000007eab00000,0x00000007ebe80000,0x00000007ebe80000)
  from space 1536K, 93% used [0x00000007ebe80000,0x00000007ebfe6410,0x00000007ec000000)
  to   space 1536K, 0% used [0x00000007ec380000,0x00000007ec380000,0x00000007ec500000)
 ParOldGen       total 692224K, used 692003K [0x00000007c0000000, 0x00000007ea400000, 0x00000007eab00000)
  object space 692224K, 99% used [0x00000007c0000000,0x00000007ea3c8d48,0x00000007ea400000)
 Metaspace       used 95008K, committed 96768K, reserved 1179648K
  class space    used 9573K, committed 10368K, reserved 1048576K
}
Event: 2460.153 GC heap after
{Heap after GC invocations=1735 (full 6):
 PSYoungGen      total 25088K, used 916K [0x00000007eab00000, 0x00000007ec580000, 0x0000000800000000)
  eden space 23552K, 0% used [0x00000007eab00000,0x00000007eab00000,0x00000007ec200000)
  from space 1536K, 59% used [0x00000007ec380000,0x00000007ec465220,0x00000007ec500000)
  to   space 1536K, 0% used [0x00000007ec200000,0x00000007ec200000,0x00000007ec380000)
 ParOldGen       total 693760K, used 693253K [0x00000007c0000000, 0x00000007ea580000, 0x00000007eab00000)
  object space 693760K, 99% used [0x00000007c0000000,0x00000007ea501668,0x00000007ea580000)
 Metaspace       used 95008K, committed 96768K, reserved 1179648K
  class space    used 9573K, committed 10368K, reserved 1048576K
}
Event: 2460.274 GC heap before
{Heap before GC invocations=1736 (full 6):
 PSYoungGen      total 25088K, used 23877K [0x00000007eab00000, 0x00000007ec580000, 0x0000000800000000)
  eden space 23552K, 97% used [0x00000007eab00000,0x00000007ec16c3c0,0x00000007ec200000)
  from space 1536K, 59% used [0x00000007ec380000,0x00000007ec465220,0x00000007ec500000)
  to   space 1536K, 0% used [0x00000007ec200000,0x00000007ec200000,0x00000007ec380000)
 ParOldGen       total 693760K, used 693253K [0x00000007c0000000, 0x00000007ea580000, 0x00000007eab00000)
  object space 693760K, 99% used [0x00000007c0000000,0x00000007ea501668,0x00000007ea580000)
 Metaspace       used 95012K, committed 96768K, reserved 1179648K
  class space    used 9573K, committed 10368K, reserved 1048576K
}
Event: 2460.277 GC heap after
{Heap after GC invocations=1736 (full 6):
 PSYoungGen      total 23552K, used 262K [0x00000007eab00000, 0x00000007ec400000, 0x0000000800000000)
  eden space 23040K, 0% used [0x00000007eab00000,0x00000007eab00000,0x00000007ec180000)
  from space 512K, 51% used [0x00000007ec200000,0x00000007ec241838,0x00000007ec280000)
  to   space 1024K, 0% used [0x00000007ec300000,0x00000007ec300000,0x00000007ec400000)
 ParOldGen       total 694272K, used 693775K [0x00000007c0000000, 0x00000007ea600000, 0x00000007eab00000)
  object space 694272K, 99% used [0x00000007c0000000,0x00000007ea583d18,0x00000007ea600000)
 Metaspace       used 95012K, committed 96768K, reserved 1179648K
  class space    used 9573K, committed 10368K, reserved 1048576K
}
Event: 2460.331 GC heap before
{Heap before GC invocations=1737 (full 6):
 PSYoungGen      total 23552K, used 23302K [0x00000007eab00000, 0x00000007ec400000, 0x0000000800000000)
  eden space 23040K, 100% used [0x00000007eab00000,0x00000007ec180000,0x00000007ec180000)
  from space 512K, 51% used [0x00000007ec200000,0x00000007ec241838,0x00000007ec280000)
  to   space 1024K, 0% used [0x00000007ec300000,0x00000007ec300000,0x00000007ec400000)
 ParOldGen       total 694272K, used 693775K [0x00000007c0000000, 0x00000007ea600000, 0x00000007eab00000)
  object space 694272K, 99% used [0x00000007c0000000,0x00000007ea583d18,0x00000007ea600000)
 Metaspace       used 95014K, committed 96768K, reserved 1179648K
  class space    used 9573K, committed 10368K, reserved 1048576K
}
Event: 2460.339 GC heap after
{Heap after GC invocations=1737 (full 6):
 PSYoungGen      total 23040K, used 500K [0x00000007eab00000, 0x00000007ec380000, 0x0000000800000000)
  eden space 22528K, 0% used [0x00000007eab00000,0x00000007eab00000,0x00000007ec100000)
  from space 512K, 97% used [0x00000007ec300000,0x00000007ec37d1a0,0x00000007ec380000)
  to   space 1024K, 0% used [0x00000007ec180000,0x00000007ec180000,0x00000007ec280000)
 ParOldGen       total 694272K, used 693906K [0x00000007c0000000, 0x00000007ea600000, 0x00000007eab00000)
  object space 694272K, 99% used [0x00000007c0000000,0x00000007ea5a49e8,0x00000007ea600000)
 Metaspace       used 95014K, committed 96768K, reserved 1179648K
  class space    used 9573K, committed 10368K, reserved 1048576K
}
Event: 2460.396 GC heap before
{Heap before GC invocations=1738 (full 6):
 PSYoungGen      total 23040K, used 23028K [0x00000007eab00000, 0x00000007ec380000, 0x0000000800000000)
  eden space 22528K, 100% used [0x00000007eab00000,0x00000007ec100000,0x00000007ec100000)
  from space 512K, 97% used [0x00000007ec300000,0x00000007ec37d1a0,0x00000007ec380000)
  to   space 1024K, 0% used [0x00000007ec180000,0x00000007ec180000,0x00000007ec280000)
 ParOldGen       total 694272K, used 693906K [0x00000007c0000000, 0x00000007ea600000, 0x00000007eab00000)
  object space 694272K, 99% used [0x00000007c0000000,0x00000007ea5a49e8,0x00000007ea600000)
 Metaspace       used 95021K, committed 96768K, reserved 1179648K
  class space    used 9573K, committed 10368K, reserved 1048576K
}
Event: 2460.401 GC heap after
{Heap after GC invocations=1738 (full 6):
 PSYoungGen      total 23040K, used 739K [0x00000007eab00000, 0x00000007ec380000, 0x0000000800000000)
  eden space 22016K, 0% used [0x00000007eab00000,0x00000007eab00000,0x00000007ec080000)
  from space 1024K, 72% used [0x00000007ec180000,0x00000007ec238d48,0x00000007ec280000)
  to   space 1024K, 0% used [0x00000007ec280000,0x00000007ec280000,0x00000007ec380000)
 ParOldGen       total 694272K, used 694266K [0x00000007c0000000, 0x00000007ea600000, 0x00000007eab00000)
  object space 694272K, 99% used [0x00000007c0000000,0x00000007ea5fea58,0x00000007ea600000)
 Metaspace       used 95021K, committed 96768K, reserved 1179648K
  class space    used 9573K, committed 10368K, reserved 1048576K
}
Event: 2460.461 GC heap before
{Heap before GC invocations=1739 (full 6):
 PSYoungGen      total 23040K, used 22755K [0x00000007eab00000, 0x00000007ec380000, 0x0000000800000000)
  eden space 22016K, 100% used [0x00000007eab00000,0x00000007ec080000,0x00000007ec080000)
  from space 1024K, 72% used [0x00000007ec180000,0x00000007ec238d48,0x00000007ec280000)
  to   space 1024K, 0% used [0x00000007ec280000,0x00000007ec280000,0x00000007ec380000)
 ParOldGen       total 694272K, used 694266K [0x00000007c0000000, 0x00000007ea600000, 0x00000007eab00000)
  object space 694272K, 99% used [0x00000007c0000000,0x00000007ea5fea58,0x00000007ea600000)
 Metaspace       used 95022K, committed 96768K, reserved 1179648K
  class space    used 9573K, committed 10368K, reserved 1048576K
}
Event: 2460.466 GC heap after
{Heap after GC invocations=1739 (full 6):
 PSYoungGen      total 21504K, used 1010K [0x00000007eab00000, 0x00000007ec700000, 0x0000000800000000)
  eden space 20480K, 0% used [0x00000007eab00000,0x00000007eab00000,0x00000007ebf00000)
  from space 1024K, 98% used [0x00000007ec280000,0x00000007ec37cb98,0x00000007ec380000)
  to   space 3584K, 0% used [0x00000007ebf00000,0x00000007ebf00000,0x00000007ec280000)
 ParOldGen       total 696320K, used 696204K [0x00000007c0000000, 0x00000007ea800000, 0x00000007eab00000)
  object space 696320K, 99% used [0x00000007c0000000,0x00000007ea7e31f0,0x00000007ea800000)
 Metaspace       used 95022K, committed 96768K, reserved 1179648K
  class space    used 9573K, committed 10368K, reserved 1048576K
}
Event: 2460.495 GC heap before
{Heap before GC invocations=1740 (full 6):
 PSYoungGen      total 21504K, used 21490K [0x00000007eab00000, 0x00000007ec700000, 0x0000000800000000)
  eden space 20480K, 99% used [0x00000007eab00000,0x00000007ebefffe8,0x00000007ebf00000)
  from space 1024K, 98% used [0x00000007ec280000,0x00000007ec37cb98,0x00000007ec380000)
  to   space 3584K, 0% used [0x00000007ebf00000,0x00000007ebf00000,0x00000007ec280000)
 ParOldGen       total 696320K, used 696204K [0x00000007c0000000, 0x00000007ea800000, 0x00000007eab00000)
  object space 696320K, 99% used [0x00000007c0000000,0x00000007ea7e31f0,0x00000007ea800000)
 Metaspace       used 95023K, committed 96768K, reserved 1179648K
  class space    used 9573K, committed 10368K, reserved 1048576K
}
Event: 2460.500 GC heap after
{Heap after GC invocations=1740 (full 6):
 PSYoungGen      total 22528K, used 2033K [0x00000007eab00000, 0x00000007ec400000, 0x0000000800000000)
  eden space 20480K, 0% used [0x00000007eab00000,0x00000007eab00000,0x00000007ebf00000)
  from space 2048K, 99% used [0x00000007ebf00000,0x00000007ec0fc760,0x00000007ec100000)
  to   space 2560K, 0% used [0x00000007ec180000,0x00000007ec180000,0x00000007ec400000)
 ParOldGen       total 697344K, used 697233K [0x00000007c0000000, 0x00000007ea900000, 0x00000007eab00000)
  object space 697344K, 99% used [0x00000007c0000000,0x00000007ea8e44b8,0x00000007ea900000)
 Metaspace       used 95023K, committed 96768K, reserved 1179648K
  class space    used 9573K, committed 10368K, reserved 1048576K
}
Event: 2460.550 GC heap before
{Heap before GC invocations=1741 (full 6):
 PSYoungGen      total 22528K, used 22513K [0x00000007eab00000, 0x00000007ec400000, 0x0000000800000000)
  eden space 20480K, 100% used [0x00000007eab00000,0x00000007ebf00000,0x00000007ebf00000)
  from space 2048K, 99% used [0x00000007ebf00000,0x00000007ec0fc760,0x00000007ec100000)
  to   space 2560K, 0% used [0x00000007ec180000,0x00000007ec180000,0x00000007ec400000)
 ParOldGen       total 697344K, used 697233K [0x00000007c0000000, 0x00000007ea900000, 0x00000007eab00000)
  object space 697344K, 99% used [0x00000007c0000000,0x00000007ea8e44b8,0x00000007ea900000)
 Metaspace       used 95024K, committed 96768K, reserved 1179648K
  class space    used 9573K, committed 10368K, reserved 1048576K
}
Event: 2460.556 GC heap after
{Heap after GC invocations=1741 (full 6):
 PSYoungGen      total 22528K, used 1814K [0x00000007eab00000, 0x00000007ec380000, 0x0000000800000000)
  eden space 20480K, 0% used [0x00000007eab00000,0x00000007eab00000,0x00000007ebf00000)
  from space 2048K, 88% used [0x00000007ec180000,0x00000007ec345b98,0x00000007ec380000)
  to   space 2048K, 0% used [0x00000007ebf00000,0x00000007ebf00000,0x00000007ec100000)
 ParOldGen       total 698880K, used 698742K [0x00000007c0000000, 0x00000007eaa80000, 0x00000007eab00000)
  object space 698880K, 99% used [0x00000007c0000000,0x00000007eaa5d9e8,0x00000007eaa80000)
 Metaspace       used 95024K, committed 96768K, reserved 1179648K
  class space    used 9573K, committed 10368K, reserved 1048576K
}
Event: 2460.639 GC heap before
{Heap before GC invocations=1742 (full 7):
 PSYoungGen      total 22528K, used 22294K [0x00000007eab00000, 0x00000007ec380000, 0x0000000800000000)
  eden space 20480K, 100% used [0x00000007eab00000,0x00000007ebf00000,0x00000007ebf00000)
  from space 2048K, 88% used [0x00000007ec180000,0x00000007ec345b98,0x00000007ec380000)
  to   space 2048K, 0% used [0x00000007ebf00000,0x00000007ebf00000,0x00000007ec100000)
 ParOldGen       total 698880K, used 698742K [0x00000007c0000000, 0x00000007eaa80000, 0x00000007eab00000)
  object space 698880K, 99% used [0x00000007c0000000,0x00000007eaa5d9e8,0x00000007eaa80000)
 Metaspace       used 95050K, committed 96768K, reserved 1179648K
  class space    used 9576K, committed 10368K, reserved 1048576K
}

